生成启动时间为 2022/4/21 23:29:06。
     1>项目“C:\Users\hanruiwen\Desktop\SaleSystem\SaleSystem\SaleSystem.vcxproj”在节点 2 上(Build 个目标)。
     1>ClCompile:
         D:\vs2015\VC\bin\CL.exe /c /ZI /nologo /W3 /WX- /sdl /Od /Oy- /D WIN32 /D _WINDOWS /D _DEBUG /D _CRT_SECURE_NO_WARNINGS /D _UNICODE /D UNICODE /D _AFXDLL /Gm /EHsc /RTC1 /MDd /GS /fp:precise /Zc:wchar_t /Zc:forScope /Zc:inline /Yu"stdafx.h" /Fp"Debug\SaleSystem.pch" /Fo"Debug\\" /Fd"Debug\vc140.pdb" /Gd /TP /analyze- /errorReport:prompt AddDlg.cpp DelDlg.cpp DisplayView.cpp InfoDlg.cpp LoginDlg.cpp MainFrm.cpp SaleSystem.cpp SaleSystemDoc.cpp SaleSystemView.cpp SelectView.cpp SellDlg.cpp UerDlg.cpp
         MainFrm.cpp
         正在生成代码...
         正在跳过...(未检测到相关更改)
         UerDlg.cpp
         SellDlg.cpp
         SaleSystemView.cpp
         SaleSystemDoc.cpp
         LoginDlg.cpp
         InfoDlg.cpp
         DisplayView.cpp
         DelDlg.cpp
         AddDlg.cpp
         SelectView.cpp
         SaleSystem.cpp
       ResourceCompile:
         C:\Program Files (x86)\Windows Kits\8.1\bin\x86\rc.exe /D _DEBUG /D _UNICODE /D UNICODE /D _AFXDLL /l"0x0804" /IDebug\ /nologo /fo"Debug\SaleSystem.res" SaleSystem.rc 
       Link:
         D:\vs2015\VC\bin\link.exe /ERRORREPORT:PROMPT /OUT:"C:\Users\hanruiwen\Desktop\SaleSystem\Debug\SaleSystem.exe" /INCREMENTAL /NOLOGO /MANIFEST /MANIFESTUAC:"level='asInvoker' uiAccess='false'" /manifest:embed /manifestinput:D:\vs2015\VC\Include\Manifest\dpiaware.manifest /Debug /PDB:"C:\Users\hanruiwen\Desktop\SaleSystem\Debug\SaleSystem.pdb" /SUBSYSTEM:WINDOWS /TLBID:1 /ENTRY:"wWinMainCRTStartup" /DYNAMICBASE /NXCOMPAT /IMPLIB:"C:\Users\hanruiwen\Desktop\SaleSystem\Debug\SaleSystem.lib" /MACHINE:X86 Debug\SaleSystem.res
         Debug\AddDlg.obj
         Debug\DelDlg.obj
         Debug\DisplayView.obj
         Debug\InfoDlg.obj
         Debug\InfoFile.obj
         Debug\LoginDlg.obj
         Debug\MainFrm.obj
         Debug\SaleSystem.obj
         Debug\SaleSystemDoc.obj
         Debug\SaleSystemView.obj
         Debug\SelectView.obj
         Debug\SellDlg.obj
         Debug\stdafx.obj
         Debug\UerDlg.obj
         SaleSystem.vcxproj -> C:\Users\hanruiwen\Desktop\SaleSystem\Debug\SaleSystem.exe
     1>已完成生成项目“C:\Users\hanruiwen\Desktop\SaleSystem\SaleSystem\SaleSystem.vcxproj”(Build 个目标)的操作。

已成功生成。

已用时间 00:00:01.39
